<?xml version="1.0" encoding="UTF-8"?>
<!-- Generated by org.testng.reporters.JUnitXMLReporter -->
<testsuite ignored="0" hostname="Administrators-MacBook-Pro.local" failures="0" tests="3" name="Demo" time="2.821" errors="0" timestamp="2024-07-04T21:20:09 IST">
  <testcase classname="com.example.TestDemo" name="verifyGetAPI" time="1.529"/>
  <testcase classname="com.example.TestDemo" name="verifyPostAPI" time="0.707"/>
  <testcase classname="com.example.TestDemo" name="verifyTestPostAPI" time="0.537"/>
</testsuite> <!-- Demo -->
