<?xml version="1.0" encoding="UTF-8"?>
<testsuite xmlns:xsi="http://www.w3.org/2001/XMLSchema-instance" xsi:noNamespaceSchemaLocation="https://maven.apache.org/surefire/maven-surefire-plugin/xsd/surefire-test-report-3.0.xsd" version="3.0" name="TestSuite" time="3.184" tests="3" errors="0" skipped="0" failures="0">
  <properties>
[...]
</properties>
  <testcase name="verifyGetAPI" classname="com.example.TestDemo" time="1.554"/>
  <testcase name="verifyPostAPI" classname="com.example.TestDemo" time="0.706"/>
  <testcase name="verifyTestPostAPI" classname="com.example.TestDemo" time="0.538"/>
</testsuite>