<?xml version="1.0" encoding="UTF-8"?>
<testng-results ignored="0" total="3" passed="3" failed="0" skipped="0">
  <reporter-output>
  </reporter-output>
  <suite started-at="2024-07-04T21:20:06 IST" name="restAssured-gradleTestSuite" finished-at="2024-07-04T21:20:09 IST" duration-ms="2821">
    <groups>
    </groups>
    <test started-at="2024-07-04T21:20:06 IST" name="Demo" finished-at="2024-07-04T21:20:09 IST" duration-ms="2821">
      <class name="com.example.TestDemo">
        <test-method signature="verifyGetAPI()[pri:1, instance:com.example.TestDemo@13d4992d]" started-at="2024-07-04T21:20:06 IST" name="verifyGetAPI" description="To get the details of post with id 1" finished-at="2024-07-04T21:20:08 IST" duration-ms="1529" status="PASS">
          <reporter-output>
          </reporter-output>
        </test-method> <!-- verifyGetAPI -->
        <test-method signature="verifyPostAPI()[pri:2, instance:com.example.TestDemo@13d4992d]" started-at="2024-07-04T21:20:08 IST" name="verifyPostAPI" description="To create a new post" finished-at="2024-07-04T21:20:08 IST" duration-ms="707" status="PASS">
          <reporter-output>
          </reporter-output>
        </test-method> <!-- verifyPostAPI -->
        <test-method signature="verifyTestPostAPI()[pri:2, instance:com.example.TestDemo@13d4992d]" started-at="2024-07-04T21:20:08 IST" name="verifyTestPostAPI" description="To create a new post" finished-at="2024-07-04T21:20:09 IST" duration-ms="537" status="PASS">
          <reporter-output>
          </reporter-output>
        </test-method> <!-- verifyTestPostAPI -->
      </class> <!-- com.example.TestDemo -->
    </test> <!-- Demo -->
  </suite> <!-- restAssured-gradleTestSuite -->
</testng-results>
